Flutter crash report.
Please report a bug at https://github.com/flutter/flutter/issues.

## command

flutter drive --use-existing-app --target=integration_test/test.dart --driver=integration_test/test.dart

## exception

ArgumentError: Invalid argument(s): remoteVmServiceUri must have an HTTP scheme. Actual: 

```
#0      DartDevelopmentService.startDartDevelopmentService (package:dds/dds.dart:52:7)
#1      DartDevelopmentService.startDartDevelopmentService (package:flutter_tools/src/base/dds.dart:55:47)
#2      FlutterDriverService.reuseApplication (package:flutter_tools/src/drive/drive_service.dart:208:24)
#3      DriveCommand.runCommand (package:flutter_tools/src/commands/drive.dart:253:27)
<asynchronous suspension>
#4      FlutterCommand.run.<anonymous closure> (package:flutter_tools/src/runner/flutter_command.dart:1043:27)
<asynchronous suspension>
#5      AppContext.run.<anonymous closure> (package:flutter_tools/src/base/context.dart:150:19)
<asynchronous suspension>
#6      CommandRunner.runCommand (package:args/command_runner.dart:196:13)
<asynchronous suspension>
#7      FlutterCommandRunner.runCommand.<anonymous closure> (package:flutter_tools/src/runner/flutter_command_runner.dart:284:9)
<asynchronous suspension>
#8      AppContext.run.<anonymous closure> (package:flutter_tools/src/base/context.dart:150:19)
<asynchronous suspension>
#9      FlutterCommandRunner.runCommand (package:flutter_tools/src/runner/flutter_command_runner.dart:232:5)
<asynchronous suspension>
#10     run.<anonymous closure>.<anonymous closure> (package:flutter_tools/runner.dart:62:9)
<asynchronous suspension>
#11     AppContext.run.<anonymous closure> (package:flutter_tools/src/base/context.dart:150:19)
<asynchronous suspension>
#12     main (package:flutter_tools/executable.dart:91:3)
<asynchronous suspension>
```

## flutter doctor

```
[✓] Flutter (Channel stable, 2.2.0, on Microsoft Windows [Version 10.0.19042.985], locale en-CA)
    • Flutter version 2.2.0 at C:\src\flutter
    • Framework revision b22742018b (3 weeks ago), 2021-05-14 19:12:57 -0700
    • Engine revision a9d88a4d18
    • Dart version 2.13.0

[✓] Android toolchain - develop for Android devices (Android SDK version 30.0.3)
    • Android SDK at C:\Users\fair\AppData\Local\Android\sdk
    • Platform android-30, build-tools 30.0.3
    • Java binary at: C:\Program Files\Android\Android Studio\jre\bin\java
    • Java version OpenJDK Runtime Environment (build 1.8.0_242-release-1644-b01)
    • All Android licenses accepted.

[✓] Chrome - develop for the web
    • Chrome at C:\Program Files\Google\Chrome\Application\chrome.exe

[✓] Android Studio (version 4.1.0)
    • Android Studio at C:\Program Files\Android\Android Studio
    • Flutter plugin can be installed from:
      🔨 https://plugins.jetbrains.com/plugin/9212-flutter
    • Dart plugin can be installed from:
      🔨 https://plugins.jetbrains.com/plugin/6351-dart
    • Java version OpenJDK Runtime Environment (build 1.8.0_242-release-1644-b01)

[✓] VS Code (version 1.56.2)
    • VS Code at C:\Users\fair\AppData\Local\Programs\Microsoft VS Code
    • Flutter extension version 3.23.0

[✓] Connected device (3 available)
    • WAS LX1 (mobile) • PMF4C17516010459 • android-arm64  • Android 8.0.0 (API 26)
    • Chrome (web)     • chrome           • web-javascript • Google Chrome 91.0.4472.77
    • Edge (web)       • edge             • web-javascript • Microsoft Edge 91.0.864.41

• No issues found!
```
